<?xml version="1.0" encoding="UTF-8"?>
<!-- Generated by org.testng.reporters.JUnitReportReporter -->
<testsuite hostname="DESKTOP-NPT0L6C" failures="0" tests="1" name="Testng.NewTest" time="0.055" errors="0" timestamp="2023-07-12T15:30:09 IST" skipped="0">
  <testcase classname="Testng.NewTest" name="f" time="0.055"/>
  <system-out/>
</testsuite> <!-- Testng.NewTest -->
