<?xml version="1.0" encoding="UTF-8"?>
<!-- Generated by org.testng.reporters.JUnitReportReporter -->
<testsuite hostname="DESKTOP-NPT0L6C" failures="0" tests="1" name="Testng.NewTest1" time="0.047" errors="0" timestamp="2023-07-20T21:53:11 IST" skipped="0">
  <testcase classname="Testng.NewTest1" name="Test1" time="0.047"/>
  <system-out/>
</testsuite> <!-- Testng.NewTest1 -->
