<?xml version="1.0" encoding="UTF-8"?>
<!-- Generated by org.testng.reporters.JUnitReportReporter -->
<testsuite hostname="DESKTOP-NPT0L6C" failures="0" tests="1" name="Testng.NewTest2" time="0.003" errors="0" timestamp="2023-07-20T21:53:11 IST" skipped="0">
  <testcase classname="Testng.NewTest2" name="test2" time="0.003"/>
  <system-out/>
</testsuite> <!-- Testng.NewTest2 -->
